<?xml version="1.0" encoding="UTF-8"?>
<!-- Generated by org.testng.reporters.JUnitXMLReporter -->
<testsuite hostname="Nazima" ignored="1" name="ListenerTest" tests="2" failures="0" timestamp="2020-12-09T14:35:37 EST" time="62.787" errors="0">
  <testcase name="@AfterTest getScreenshot" time="-1.607542537055E9" classname="EndtoEndFramework.EndtoEndFramework.Base1">
    <failure type="org.testng.TestNGException" message="
Can inject only one of &amp;lt;ITestContext, XmlTest&amp;gt; into a @AfterTest annotated getScreenshot.
For more information on native dependency injection please refer to https://testng.org/doc/documentation-main.html#native-dependency-injection">
      <![CDATA[org.testng.TestNGException: 
Can inject only one of <ITestContext, XmlTest> into a @AfterTest annotated getScreenshot.
For more information on native dependency injection please refer to https://testng.org/doc/documentation-main.html#native-dependency-injection
... Removed 21 stack frames]]>
    </failure>
  </testcase> <!-- @AfterTest getScreenshot -->
  <testcase name="test1" time="19.698" classname="EndtoEndFramework.EndtoEndFramework.Hybridecommercewritebyown"/>
  <testcase name="test1" time="18.384" classname="EndtoEndFramework.EndtoEndFramework.Hybridecommercewritebyown"/>
  <testcase name="test2" time="0.0" classname="EndtoEndFramework.EndtoEndFramework.Hybridecommercewritebyown">
    <ignored/>
  </testcase> <!-- test2 -->
</testsuite> <!-- ListenerTest -->
